# JRE version: OpenJDK Runtime Environment (8.0_152-b06) (build 1.8.0_152-release-1136-b06)
# Java VM: OpenJDK 64-Bit Server VM (25.152-b06 mixed mode windows-amd64 compressed oops)
Heap:
 PSYoungGen      total 813056K, used 618511K [0x000000076ab00000, 0x00000007a5b80000, 0x00000007c0000000)
  eden space 714752K, 75% used [0x000000076ab00000,0x000000078bad1fd8,0x0000000796500000)
  from space 98304K, 79% used [0x0000000796500000,0x000000079b131c40,0x000000079c500000)
  to   space 103424K, 0% used [0x000000079f680000,0x000000079f680000,0x00000007a5b80000)
 ParOldGen       total 377344K, used 209840K [0x00000006c0000000, 0x00000006d7080000, 0x000000076ab00000)
  object space 377344K, 55% used [0x00000006c0000000,0x00000006cccec2a0,0x00000006d7080000)
 Metaspace       used 81145K, capacity 85386K, committed 85632K, reserved 1124352K
  class space    used 10261K, capacity 11303K, committed 11392K, reserved 1048576K
GC Heap History (10 events):
Event: 118.242 GC heap before
{Heap before GC invocations=36 (full 5):
 PSYoungGen      total 714752K, used 672185K [0x000000076ab00000, 0x000000079cf80000, 0x00000007c0000000)
  eden space 617472K, 100% used [0x000000076ab00000,0x0000000790600000,0x0000000790600000)
  from space 97280K, 56% used [0x0000000796400000,0x000000079996e778,0x000000079c300000)
  to   space 96256K, 0% used [0x0000000790600000,0x0000000790600000,0x0000000796400000)
 ParOldGen       total 377344K, used 209536K [0x00000006c0000000, 0x00000006d7080000, 0x000000076ab00000)
  object space 377344K, 55% used [0x00000006c0000000,0x00000006ccca0288,0x00000006d7080000)
 Metaspace       used 76458K, capacity 80560K, committed 80768K, reserved 1120256K
  class space    used 9811K, capacity 10834K, committed 10880K, reserved 1048576K
Event: 118.274 GC heap after
Heap after GC invocations=36 (full 5):
 PSYoungGen      total 713728K, used 59318K [0x000000076ab00000, 0x000000079f680000, 0x00000007c0000000)
  eden space 617472K, 0% used [0x000000076ab00000,0x000000076ab00000,0x0000000790600000)
  from space 96256K, 61% used [0x0000000790600000,0x0000000793fedba0,0x0000000796400000)
  to   space 96256K, 0% used [0x0000000799880000,0x0000000799880000,0x000000079f680000)
 ParOldGen       total 377344K, used 209544K [0x00000006c0000000, 0x00000006d7080000, 0x000000076ab00000)
  object space 377344K, 55% used [0x00000006c0000000,0x00000006ccca2288,0x00000006d7080000)
 Metaspace       used 76458K, capacity 80560K, committed 80768K, reserved 1120256K
  class space    used 9811K, capacity 10834K, committed 10880K, reserved 1048576K
}
Event: 121.985 GC heap before
{Heap before GC invocations=37 (full 5):
 PSYoungGen      total 713728K, used 676790K [0x000000076ab00000, 0x000000079f680000, 0x00000007c0000000)
  eden space 617472K, 100% used [0x000000076ab00000,0x0000000790600000,0x0000000790600000)
  from space 96256K, 61% used [0x0000000790600000,0x0000000793fedba0,0x0000000796400000)
  to   space 96256K, 0% used [0x0000000799880000,0x0000000799880000,0x000000079f680000)
 ParOldGen       total 377344K, used 209544K [0x00000006c0000000, 0x00000006d7080000, 0x000000076ab00000)
  object space 377344K, 55% used [0x00000006c0000000,0x00000006ccca2288,0x00000006d7080000)
 Metaspace       used 76589K, capacity 80688K, committed 80768K, reserved 1120256K
  class space    used 9819K, capacity 10834K, committed 10880K, reserved 1048576K
Event: 122.020 GC heap after
Heap after GC invocations=37 (full 5):
 PSYoungGen      total 766464K, used 61880K [0x000000076ab00000, 0x000000079f800000, 0x00000007c0000000)
  eden space 670208K, 0% used [0x000000076ab00000,0x000000076ab00000,0x0000000793980000)
  from space 96256K, 64% used [0x0000000799880000,0x000000079d4ee088,0x000000079f680000)
  to   space 97280K, 0% used [0x0000000793980000,0x0000000793980000,0x0000000799880000)
 ParOldGen       total 377344K, used 209552K [0x00000006c0000000, 0x00000006d7080000, 0x000000076ab00000)
  object space 377344K, 55% used [0x00000006c0000000,0x00000006ccca4288,0x00000006d7080000)
 Metaspace       used 76589K, capacity 80688K, committed 80768K, reserved 1120256K
  class space    used 9819K, capacity 10834K, committed 10880K, reserved 1048576K
}
Event: 127.386 GC heap before
{Heap before GC invocations=38 (full 5):
 PSYoungGen      total 766464K, used 732073K [0x000000076ab00000, 0x000000079f800000, 0x00000007c0000000)
  eden space 670208K, 99% used [0x000000076ab00000,0x000000079397c758,0x0000000793980000)
  from space 96256K, 64% used [0x0000000799880000,0x000000079d4ee088,0x000000079f680000)
  to   space 97280K, 0% used [0x0000000793980000,0x0000000793980000,0x0000000799880000)
 ParOldGen       total 377344K, used 209552K [0x00000006c0000000, 0x00000006d7080000, 0x000000076ab00000)
  object space 377344K, 55% used [0x00000006c0000000,0x00000006ccca4288,0x00000006d7080000)
 Metaspace       used 77160K, capacity 81264K, committed 81408K, reserved 1120256K
  class space    used 9890K, capacity 10898K, committed 11008K, reserved 1048576K
Event: 127.419 GC heap after
Heap after GC invocations=38 (full 5):
 PSYoungGen      total 767488K, used 64424K [0x000000076ab00000, 0x00000007a2500000, 0x00000007c0000000)
  eden space 670208K, 0% used [0x000000076ab00000,0x000000076ab00000,0x0000000793980000)
  from space 97280K, 66% used [0x0000000793980000,0x000000079786a068,0x0000000799880000)
  to   space 98304K, 0% used [0x000000079c500000,0x000000079c500000,0x00000007a2500000)
 ParOldGen       total 377344K, used 209560K [0x00000006c0000000, 0x00000006d7080000, 0x000000076ab00000)
  object space 377344K, 55% used [0x00000006c0000000,0x00000006ccca6288,0x00000006d7080000)
 Metaspace       used 77160K, capacity 81264K, committed 81408K, reserved 1120256K
  class space    used 9890K, capacity 10898K, committed 11008K, reserved 1048576K
}
Event: 130.282 GC heap before
{Heap before GC invocations=39 (full 5):
 PSYoungGen      total 767488K, used 734632K [0x000000076ab00000, 0x00000007a2500000, 0x00000007c0000000)
  eden space 670208K, 100% used [0x000000076ab00000,0x0000000793980000,0x0000000793980000)
  from space 97280K, 66% used [0x0000000793980000,0x000000079786a068,0x0000000799880000)
  to   space 98304K, 0% used [0x000000079c500000,0x000000079c500000,0x00000007a2500000)
 ParOldGen       total 377344K, used 209560K [0x00000006c0000000, 0x00000006d7080000, 0x000000076ab00000)
  object space 377344K, 55% used [0x00000006c0000000,0x00000006ccca6288,0x00000006d7080000)
 Metaspace       used 77416K, capacity 81520K, committed 81664K, reserved 1120256K
  class space    used 9940K, capacity 10962K, committed 11008K, reserved 1048576K
Event: 130.326 GC heap after
Heap after GC invocations=39 (full 5):
 PSYoungGen      total 813056K, used 62727K [0x000000076ab00000, 0x00000007a2a00000, 0x00000007c0000000)
  eden space 714752K, 0% used [0x000000076ab00000,0x000000076ab00000,0x0000000796500000)
  from space 98304K, 63% used [0x000000079c500000,0x00000007a0241f88,0x00000007a2500000)
  to   space 98304K, 0% used [0x0000000796500000,0x0000000796500000,0x000000079c500000)
 ParOldGen       total 377344K, used 209568K [0x00000006c0000000, 0x00000006d7080000, 0x000000076ab00000)
  object space 377344K, 55% used [0x00000006c0000000,0x00000006ccca8288,0x00000006d7080000)
 Metaspace       used 77416K, capacity 81520K, committed 81664K, reserved 1120256K
  class space    used 9940K, capacity 10962K, committed 11008K, reserved 1048576K
}
Event: 147.432 GC heap before
{Heap before GC invocations=40 (full 5):
 PSYoungGen      total 813056K, used 777479K [0x000000076ab00000, 0x00000007a2a00000, 0x00000007c0000000)
  eden space 714752K, 100% used [0x000000076ab00000,0x0000000796500000,0x0000000796500000)
  from space 98304K, 63% used [0x000000079c500000,0x00000007a0241f88,0x00000007a2500000)
  to   space 98304K, 0% used [0x0000000796500000,0x0000000796500000,0x000000079c500000)
 ParOldGen       total 377344K, used 209568K [0x00000006c0000000, 0x00000006d7080000, 0x000000076ab00000)
  object space 377344K, 55% used [0x00000006c0000000,0x00000006ccca8288,0x00000006d7080000)
 Metaspace       used 80572K, capacity 84806K, committed 85120K, reserved 1122304K
  class space    used 10260K, capacity 11303K, committed 11392K, reserved 1048576K
Event: 147.478 GC heap after
Heap after GC invocations=40 (full 5):
 PSYoungGen      total 813056K, used 78023K [0x000000076ab00000, 0x00000007a5b80000, 0x00000007c0000000)
  eden space 714752K, 0% used [0x000000076ab00000,0x000000076ab00000,0x0000000796500000)
  from space 98304K, 79% used [0x0000000796500000,0x000000079b131c40,0x000000079c500000)
  to   space 103424K, 0% used [0x000000079f680000,0x000000079f680000,0x00000007a5b80000)
 ParOldGen       total 377344K, used 209840K [0x00000006c0000000, 0x00000006d7080000, 0x000000076ab00000)
  object space 377344K, 55% used [0x00000006c0000000,0x00000006cccec2a0,0x00000006d7080000)
 Metaspace       used 80572K, capacity 84806K, committed 85120K, reserved 1122304K
  class space    used 10260K, capacity 11303K, committed 11392K, reserved 1048576K
}

