# JRE version: OpenJDK Runtime Environment (8.0_152-b06) (build 1.8.0_152-release-1136-b06)
# Java VM: OpenJDK 64-Bit Server VM (25.152-b06 mixed mode windows-amd64 compressed oops)
Heap:
 PSYoungGen      total 960000K, used 350119K [0x000000076ab00000, 0x00000007afe80000, 0x00000007c0000000)
  eden space 917504K, 35% used [0x000000076ab00000,0x000000077e9e4a20,0x00000007a2b00000)
  from space 42496K, 55% used [0x00000007a6600000,0x00000007a7d05488,0x00000007a8f80000)
  to   space 60416K, 0% used [0x00000007a2b00000,0x00000007a2b00000,0x00000007a6600000)
 ParOldGen       total 291840K, used 245060K [0x00000006c0000000, 0x00000006d1d00000, 0x000000076ab00000)
  object space 291840K, 83% used [0x00000006c0000000,0x00000006cef51048,0x00000006d1d00000)
 Metaspace       used 66596K, capacity 70195K, committed 70912K, reserved 1110016K
  class space    used 8716K, capacity 9611K, committed 9728K, reserved 1048576K
GC Heap History (10 events):
Event: 69.252 GC heap before
{Heap before GC invocations=42 (full 5):
 PSYoungGen      total 977920K, used 31686K [0x000000076ab00000, 0x00000007a9000000, 0x00000007c0000000)
  eden space 937472K, 0% used [0x000000076ab00000,0x000000076ab00000,0x00000007a3e80000)
  from space 40448K, 78% used [0x00000007a3e80000,0x00000007a5d71b88,0x00000007a6600000)
  to   space 42496K, 0% used [0x00000007a6600000,0x00000007a6600000,0x00000007a8f80000)
 ParOldGen       total 291840K, used 275192K [0x00000006c0000000, 0x00000006d1d00000, 0x000000076ab00000)
  object space 291840K, 94% used [0x00000006c0000000,0x00000006d0cbe228,0x00000006d1d00000)
 Metaspace       used 66615K, capacity 70255K, committed 70912K, reserved 1110016K
  class space    used 8723K, capacity 9623K, committed 9728K, reserved 1048576K
Event: 69.742 GC heap after
Heap after GC invocations=42 (full 5):
 PSYoungGen      total 977920K, used 0K [0x000000076ab00000, 0x00000007a9000000, 0x00000007c0000000)
  eden space 937472K, 0% used [0x000000076ab00000,0x000000076ab00000,0x00000007a3e80000)
  from space 40448K, 0% used [0x00000007a3e80000,0x00000007a3e80000,0x00000007a6600000)
  to   space 42496K, 0% used [0x00000007a6600000,0x00000007a6600000,0x00000007a8f80000)
 ParOldGen       total 291840K, used 238385K [0x00000006c0000000, 0x00000006d1d00000, 0x000000076ab00000)
  object space 291840K, 81% used [0x00000006c0000000,0x00000006ce8cc4c8,0x00000006d1d00000)
 Metaspace       used 66595K, capacity 70195K, committed 70912K, reserved 1110016K
  class space    used 8716K, capacity 9611K, committed 9728K, reserved 1048576K
}
Event: 70.801 GC heap before
{Heap before GC invocations=43 (full 5):
 PSYoungGen      total 977920K, used 937472K [0x000000076ab00000, 0x00000007a9000000, 0x00000007c0000000)
  eden space 937472K, 100% used [0x000000076ab00000,0x00000007a3e80000,0x00000007a3e80000)
  from space 40448K, 0% used [0x00000007a3e80000,0x00000007a3e80000,0x00000007a6600000)
  to   space 42496K, 0% used [0x00000007a6600000,0x00000007a6600000,0x00000007a8f80000)
 ParOldGen       total 291840K, used 238385K [0x00000006c0000000, 0x00000006d1d00000, 0x000000076ab00000)
  object space 291840K, 81% used [0x00000006c0000000,0x00000006ce8cc4c8,0x00000006d1d00000)
 Metaspace       used 66595K, capacity 70195K, committed 70912K, reserved 1110016K
  class space    used 8716K, capacity 9611K, committed 9728K, reserved 1048576K
Event: 70.831 GC heap after
Heap after GC invocations=43 (full 5):
 PSYoungGen      total 979968K, used 42476K [0x000000076ab00000, 0x00000007a9000000, 0x00000007c0000000)
  eden space 937472K, 0% used [0x000000076ab00000,0x000000076ab00000,0x00000007a3e80000)
  from space 42496K, 99% used [0x00000007a6600000,0x00000007a8f7b398,0x00000007a8f80000)
  to   space 40448K, 0% used [0x00000007a3e80000,0x00000007a3e80000,0x00000007a6600000)
 ParOldGen       total 291840K, used 258423K [0x00000006c0000000, 0x00000006d1d00000, 0x000000076ab00000)
  object space 291840K, 88% used [0x00000006c0000000,0x00000006cfc5dfb8,0x00000006d1d00000)
 Metaspace       used 66595K, capacity 70195K, committed 70912K, reserved 1110016K
  class space    used 8716K, capacity 9611K, committed 9728K, reserved 1048576K
}
Event: 71.855 GC heap before
{Heap before GC invocations=44 (full 5):
 PSYoungGen      total 979968K, used 979948K [0x000000076ab00000, 0x00000007a9000000, 0x00000007c0000000)
  eden space 937472K, 100% used [0x000000076ab00000,0x00000007a3e80000,0x00000007a3e80000)
  from space 42496K, 99% used [0x00000007a6600000,0x00000007a8f7b398,0x00000007a8f80000)
  to   space 40448K, 0% used [0x00000007a3e80000,0x00000007a3e80000,0x00000007a6600000)
 ParOldGen       total 291840K, used 258423K [0x00000006c0000000, 0x00000006d1d00000, 0x000000076ab00000)
  object space 291840K, 88% used [0x00000006c0000000,0x00000006cfc5dfb8,0x00000006d1d00000)
 Metaspace       used 66595K, capacity 70195K, committed 70912K, reserved 1110016K
  class space    used 8716K, capacity 9611K, committed 9728K, reserved 1048576K
Event: 71.889 GC heap after
Heap after GC invocations=44 (full 5):
 PSYoungGen      total 977920K, used 38790K [0x000000076ab00000, 0x00000007a9000000, 0x00000007c0000000)
  eden space 937472K, 0% used [0x000000076ab00000,0x000000076ab00000,0x00000007a3e80000)
  from space 40448K, 95% used [0x00000007a3e80000,0x00000007a64619d0,0x00000007a6600000)
  to   space 42496K, 0% used [0x00000007a6600000,0x00000007a6600000,0x00000007a8f80000)
 ParOldGen       total 291840K, used 290553K [0x00000006c0000000, 0x00000006d1d00000, 0x000000076ab00000)
  object space 291840K, 99% used [0x00000006c0000000,0x00000006d1bbe6f8,0x00000006d1d00000)
 Metaspace       used 66595K, capacity 70195K, committed 70912K, reserved 1110016K
  class space    used 8716K, capacity 9611K, committed 9728K, reserved 1048576K
}
Event: 71.889 GC heap before
{Heap before GC invocations=45 (full 6):
 PSYoungGen      total 977920K, used 38790K [0x000000076ab00000, 0x00000007a9000000, 0x00000007c0000000)
  eden space 937472K, 0% used [0x000000076ab00000,0x000000076ab00000,0x00000007a3e80000)
  from space 40448K, 95% used [0x00000007a3e80000,0x00000007a64619d0,0x00000007a6600000)
  to   space 42496K, 0% used [0x00000007a6600000,0x00000007a6600000,0x00000007a8f80000)
 ParOldGen       total 291840K, used 290553K [0x00000006c0000000, 0x00000006d1d00000, 0x000000076ab00000)
  object space 291840K, 99% used [0x00000006c0000000,0x00000006d1bbe6f8,0x00000006d1d00000)
 Metaspace       used 66595K, capacity 70195K, committed 70912K, reserved 1110016K
  class space    used 8716K, capacity 9611K, committed 9728K, reserved 1048576K
Event: 72.175 GC heap after
Heap after GC invocations=45 (full 6):
 PSYoungGen      total 977920K, used 0K [0x000000076ab00000, 0x00000007a9000000, 0x00000007c0000000)
  eden space 937472K, 0% used [0x000000076ab00000,0x000000076ab00000,0x00000007a3e80000)
  from space 40448K, 0% used [0x00000007a3e80000,0x00000007a3e80000,0x00000007a6600000)
  to   space 42496K, 0% used [0x00000007a6600000,0x00000007a6600000,0x00000007a8f80000)
 ParOldGen       total 291840K, used 245060K [0x00000006c0000000, 0x00000006d1d00000, 0x000000076ab00000)
  object space 291840K, 83% used [0x00000006c0000000,0x00000006cef51048,0x00000006d1d00000)
 Metaspace       used 66595K, capacity 70195K, committed 70912K, reserved 1110016K
  class space    used 8716K, capacity 9611K, committed 9728K, reserved 1048576K
}
Event: 73.305 GC heap before
{Heap before GC invocations=46 (full 6):
 PSYoungGen      total 977920K, used 937472K [0x000000076ab00000, 0x00000007a9000000, 0x00000007c0000000)
  eden space 937472K, 100% used [0x000000076ab00000,0x00000007a3e80000,0x00000007a3e80000)
  from space 40448K, 0% used [0x00000007a3e80000,0x00000007a3e80000,0x00000007a6600000)
  to   space 42496K, 0% used [0x00000007a6600000,0x00000007a6600000,0x00000007a8f80000)
 ParOldGen       total 291840K, used 245060K [0x00000006c0000000, 0x00000006d1d00000, 0x000000076ab00000)
  object space 291840K, 83% used [0x00000006c0000000,0x00000006cef51048,0x00000006d1d00000)
 Metaspace       used 66596K, capacity 70195K, committed 70912K, reserved 1110016K
  class space    used 8716K, capacity 9611K, committed 9728K, reserved 1048576K
Event: 73.325 GC heap after
Heap after GC invocations=46 (full 6):
 PSYoungGen      total 960000K, used 23573K [0x000000076ab00000, 0x00000007afe80000, 0x00000007c0000000)
  eden space 917504K, 0% used [0x000000076ab00000,0x000000076ab00000,0x00000007a2b00000)
  from space 42496K, 55% used [0x00000007a6600000,0x00000007a7d05488,0x00000007a8f80000)
  to   space 60416K, 0% used [0x00000007a2b00000,0x00000007a2b00000,0x00000007a6600000)
 ParOldGen       total 291840K, used 245060K [0x00000006c0000000, 0x00000006d1d00000, 0x000000076ab00000)
  object space 291840K, 83% used [0x00000006c0000000,0x00000006cef51048,0x00000006d1d00000)
 Metaspace       used 66596K, capacity 70195K, committed 70912K, reserved 1110016K
  class space    used 8716K, capacity 9611K, committed 9728K, reserved 1048576K
}

